<?xml version="1.0" encoding="UTF-8"?>
<!-- Generated by org.testng.reporters.JUnitReportReporter -->
<testsuite hostname="Geethas-MacBook-Air.local" failures="0" tests="1" name="com.elisity.aws.Maven.MonthlyAmazonBillingTest" time="49.023" errors="0" timestamp="10 Jan 2019 21:35:58 GMT" skipped="0">
  <testcase classname="com.elisity.aws.Maven.MonthlyAmazonBillingTest" name="main" time="49.023"/>
</testsuite> <!-- com.elisity.aws.Maven.MonthlyAmazonBillingTest -->
